mode: set
github.com/medstack/go-pagerduty-slack-sync/internal/compare/array.go:8.34,9.24 1 1
github.com/medstack/go-pagerduty-slack-sync/internal/compare/array.go:13.2,16.31 3 1
github.com/medstack/go-pagerduty-slack-sync/internal/compare/array.go:22.2,22.13 1 1
github.com/medstack/go-pagerduty-slack-sync/internal/compare/array.go:9.24,11.3 1 1
github.com/medstack/go-pagerduty-slack-sync/internal/compare/array.go:16.31,17.39 1 1
github.com/medstack/go-pagerduty-slack-sync/internal/compare/array.go:17.39,19.4 1 1
github.com/medstack/go-pagerduty-slack-sync/internal/sync/slack.go:15.57,19.16 3 0
github.com/medstack/go-pagerduty-slack-sync/internal/sync/slack.go:23.2,24.16 2 0
github.com/medstack/go-pagerduty-slack-sync/internal/sync/slack.go:28.2,32.8 1 0
github.com/medstack/go-pagerduty-slack-sync/internal/sync/slack.go:19.16,21.3 1 0
github.com/medstack/go-pagerduty-slack-sync/internal/sync/slack.go:24.16,26.3 1 0
github.com/medstack/go-pagerduty-slack-sync/internal/sync/slack.go:35.83,37.18 2 0
github.com/medstack/go-pagerduty-slack-sync/internal/sync/slack.go:41.2,45.16 2 0
github.com/medstack/go-pagerduty-slack-sync/internal/sync/slack.go:49.2,49.16 1 0
github.com/medstack/go-pagerduty-slack-sync/internal/sync/slack.go:37.18,39.3 1 0
github.com/medstack/go-pagerduty-slack-sync/internal/sync/slack.go:45.16,47.3 1 0
github.com/medstack/go-pagerduty-slack-sync/internal/sync/slack.go:52.80,54.31 2 0
github.com/medstack/go-pagerduty-slack-sync/internal/sync/slack.go:61.2,61.21 1 0
github.com/medstack/go-pagerduty-slack-sync/internal/sync/slack.go:54.31,56.16 2 0
github.com/medstack/go-pagerduty-slack-sync/internal/sync/slack.go:59.3,59.33 1 0
github.com/medstack/go-pagerduty-slack-sync/internal/sync/slack.go:56.16,58.4 1 0
github.com/medstack/go-pagerduty-slack-sync/internal/sync/slack.go:64.63,65.28 1 0
github.com/medstack/go-pagerduty-slack-sync/internal/sync/slack.go:70.2,70.12 1 0
github.com/medstack/go-pagerduty-slack-sync/internal/sync/slack.go:65.28,66.48 1 0
github.com/medstack/go-pagerduty-slack-sync/internal/sync/slack.go:66.48,68.4 1 0
github.com/medstack/go-pagerduty-slack-sync/internal/sync/slack.go:72.77,73.33 1 0
github.com/medstack/go-pagerduty-slack-sync/internal/sync/slack.go:78.2,78.12 1 0
github.com/medstack/go-pagerduty-slack-sync/internal/sync/slack.go:73.33,74.42 1 0
github.com/medstack/go-pagerduty-slack-sync/internal/sync/slack.go:74.42,76.4 1 0
github.com/medstack/go-pagerduty-slack-sync/internal/sync/slack.go:81.84,83.16 2 0
github.com/medstack/go-pagerduty-slack-sync/internal/sync/slack.go:86.2,86.12 1 0
github.com/medstack/go-pagerduty-slack-sync/internal/sync/slack.go:83.16,85.3 1 0
github.com/medstack/go-pagerduty-slack-sync/internal/sync/config.go:45.42,55.16 4 1
github.com/medstack/go-pagerduty-slack-sync/internal/sync/config.go:59.2,60.16 2 1
github.com/medstack/go-pagerduty-slack-sync/internal/sync/config.go:63.2,65.35 2 1
github.com/medstack/go-pagerduty-slack-sync/internal/sync/config.go:76.2,76.32 1 1
github.com/medstack/go-pagerduty-slack-sync/internal/sync/config.go:80.2,80.20 1 1
github.com/medstack/go-pagerduty-slack-sync/internal/sync/config.go:55.16,57.3 1 1
github.com/medstack/go-pagerduty-slack-sync/internal/sync/config.go:60.16,62.3 1 0
github.com/medstack/go-pagerduty-slack-sync/internal/sync/config.go:65.35,66.48 1 1
github.com/medstack/go-pagerduty-slack-sync/internal/sync/config.go:66.48,69.32 3 1
github.com/medstack/go-pagerduty-slack-sync/internal/sync/config.go:72.4,72.93 1 1
github.com/medstack/go-pagerduty-slack-sync/internal/sync/config.go:69.32,71.5 1 0
github.com/medstack/go-pagerduty-slack-sync/internal/sync/config.go:76.32,78.3 1 1
github.com/medstack/go-pagerduty-slack-sync/internal/sync/config.go:83.91,87.30 3 1
github.com/medstack/go-pagerduty-slack-sync/internal/sync/config.go:102.2,102.14 1 1
github.com/medstack/go-pagerduty-slack-sync/internal/sync/config.go:109.2,109.24 1 1
github.com/medstack/go-pagerduty-slack-sync/internal/sync/config.go:87.30,88.44 1 0
github.com/medstack/go-pagerduty-slack-sync/internal/sync/config.go:94.3,99.4 2 0
github.com/medstack/go-pagerduty-slack-sync/internal/sync/config.go:88.44,91.12 2 0
github.com/medstack/go-pagerduty-slack-sync/internal/sync/config.go:102.14,107.3 1 1
github.com/medstack/go-pagerduty-slack-sync/internal/sync/config.go:112.76,116.9 3 1
github.com/medstack/go-pagerduty-slack-sync/internal/sync/config.go:120.2,121.16 2 0
github.com/medstack/go-pagerduty-slack-sync/internal/sync/config.go:125.2,125.15 1 0
github.com/medstack/go-pagerduty-slack-sync/internal/sync/config.go:116.9,118.3 1 1
github.com/medstack/go-pagerduty-slack-sync/internal/sync/config.go:121.16,123.3 1 0
github.com/medstack/go-pagerduty-slack-sync/internal/sync/pagerduty.go:13.56,17.2 1 0
github.com/medstack/go-pagerduty-slack-sync/internal/sync/pagerduty.go:19.115,24.16 2 0
github.com/medstack/go-pagerduty-slack-sync/internal/sync/pagerduty.go:28.2,29.29 2 0
github.com/medstack/go-pagerduty-slack-sync/internal/sync/pagerduty.go:32.2,32.21 1 0
github.com/medstack/go-pagerduty-slack-sync/internal/sync/pagerduty.go:24.16,26.3 1 0
github.com/medstack/go-pagerduty-slack-sync/internal/sync/pagerduty.go:29.29,31.3 1 0
github.com/medstack/go-pagerduty-slack-sync/internal/sync/schedule_sync.go:11.38,14.16 3 0
github.com/medstack/go-pagerduty-slack-sync/internal/sync/schedule_sync.go:17.2,18.16 2 0
github.com/medstack/go-pagerduty-slack-sync/internal/sync/schedule_sync.go:21.2,23.68 2 0
github.com/medstack/go-pagerduty-slack-sync/internal/sync/schedule_sync.go:53.2,53.108 1 0
github.com/medstack/go-pagerduty-slack-sync/internal/sync/schedule_sync.go:68.2,68.44 1 0
github.com/medstack/go-pagerduty-slack-sync/internal/sync/schedule_sync.go:85.2,85.12 1 0
github.com/medstack/go-pagerduty-slack-sync/internal/sync/schedule_sync.go:14.16,16.3 1 0
github.com/medstack/go-pagerduty-slack-sync/internal/sync/schedule_sync.go:18.16,20.3 1 0
github.com/medstack/go-pagerduty-slack-sync/internal/sync/schedule_sync.go:23.68,25.17 2 0
github.com/medstack/go-pagerduty-slack-sync/internal/sync/schedule_sync.go:29.3,30.17 2 0
github.com/medstack/go-pagerduty-slack-sync/internal/sync/schedule_sync.go:33.3,34.17 2 0
github.com/medstack/go-pagerduty-slack-sync/internal/sync/schedule_sync.go:38.3,38.40 1 0
github.com/medstack/go-pagerduty-slack-sync/internal/sync/schedule_sync.go:50.3,50.13 1 0
github.com/medstack/go-pagerduty-slack-sync/internal/sync/schedule_sync.go:25.17,27.4 1 0
github.com/medstack/go-pagerduty-slack-sync/internal/sync/schedule_sync.go:30.17,32.4 1 0
github.com/medstack/go-pagerduty-slack-sync/internal/sync/schedule_sync.go:34.17,36.4 1 0
github.com/medstack/go-pagerduty-slack-sync/internal/sync/schedule_sync.go:38.40,41.18 3 0
github.com/medstack/go-pagerduty-slack-sync/internal/sync/schedule_sync.go:45.4,46.18 2 0
github.com/medstack/go-pagerduty-slack-sync/internal/sync/schedule_sync.go:41.18,43.5 1 0
github.com/medstack/go-pagerduty-slack-sync/internal/sync/schedule_sync.go:46.18,48.5 1 0
github.com/medstack/go-pagerduty-slack-sync/internal/sync/schedule_sync.go:53.108,56.33 2 0
github.com/medstack/go-pagerduty-slack-sync/internal/sync/schedule_sync.go:65.3,65.21 1 0
github.com/medstack/go-pagerduty-slack-sync/internal/sync/schedule_sync.go:56.33,58.18 2 0
github.com/medstack/go-pagerduty-slack-sync/internal/sync/schedule_sync.go:62.4,62.42 1 0
github.com/medstack/go-pagerduty-slack-sync/internal/sync/schedule_sync.go:58.18,60.5 1 0
github.com/medstack/go-pagerduty-slack-sync/internal/sync/schedule_sync.go:68.44,73.17 4 0
github.com/medstack/go-pagerduty-slack-sync/internal/sync/schedule_sync.go:78.3,79.17 2 0
github.com/medstack/go-pagerduty-slack-sync/internal/sync/schedule_sync.go:73.17,75.12 2 0
github.com/medstack/go-pagerduty-slack-sync/internal/sync/schedule_sync.go:79.17,81.12 2 0
github.com/medstack/go-pagerduty-slack-sync/internal/sync/schedule_sync.go:88.64,90.26 1 0
github.com/medstack/go-pagerduty-slack-sync/internal/sync/schedule_sync.go:99.2,99.14 1 0
github.com/medstack/go-pagerduty-slack-sync/internal/sync/schedule_sync.go:90.26,91.29 1 0
github.com/medstack/go-pagerduty-slack-sync/internal/sync/schedule_sync.go:96.3,96.27 1 0
github.com/medstack/go-pagerduty-slack-sync/internal/sync/schedule_sync.go:91.29,92.16 1 0
github.com/medstack/go-pagerduty-slack-sync/internal/sync/schedule_sync.go:92.16,93.17 1 0
